

Started GET "/assets/rails.png" for 127.0.0.1 at 2012-12-14 11:43:03 +0100
Connecting to database specified by database.yml
Served asset /rails.png - 200 OK (8ms)


Started GET "/assets/rails.png" for 127.0.0.1 at 2012-12-14 12:05:21 +0100
Connecting to database specified by database.yml
Served asset /rails.png - 200 OK (2ms)
Connecting to database specified by database.yml
Connecting to database specified by database.yml
  [1m[36m (0.1ms)[0m  [1mselect sqlite_version(*)[0m
  [1m[35m (74.3ms)[0m  CREATE TABLE "schema_migrations" ("version" varchar(255) NOT NULL) 
  [1m[36m (19.2ms)[0m  [1mCREATE UNIQUE INDEX "unique_schema_migrations" ON "schema_migrations" ("version")[0m
  [1m[35m (0.2ms)[0m  SELECT "schema_migrations"."version" FROM "schema_migrations" 
Migrating to CreateDiners (20121214113027)
  [1m[36m (0.1ms)[0m  [1mbegin transaction[0m
  [1m[35m (0.1ms)[0m  rollback transaction
Connecting to database specified by database.yml
  [1m[36m (0.1ms)[0m  [1mSELECT "schema_migrations"."version" FROM "schema_migrations" [0m
Migrating to CreateDiners (20121214113027)
  [1m[35m (0.1ms)[0m  select sqlite_version(*)
  [1m[36m (0.1ms)[0m  [1mbegin transaction[0m
  [1m[35m (0.9ms)[0m  CREATE TABLE "diners" ("id" INTEGER PRIMARY KEY AUTOINCREMENT NOT NULL, "name" varchar(255), "street" varchar(255), "number" varchar(255), "zipcode" varchar(255), "city" varchar(255), "link" varchar(255), "time" text, "phone" varchar(255), "menu" varchar(255), "created_at" datetime NOT NULL, "updated_at" datetime NOT NULL) 
  [1m[36m (0.6ms)[0m  [1mINSERT INTO "schema_migrations" ("version") VALUES ('20121214113027')[0m
  [1m[35m (58.8ms)[0m  commit transaction
  [1m[36m (0.1ms)[0m  [1mSELECT "schema_migrations"."version" FROM "schema_migrations" [0m


Started GET "/diner" for 127.0.0.1 at 2012-12-14 12:32:21 +0100
Connecting to database specified by database.yml

ActionController::RoutingError (No route matches [GET] "/diner"):
  actionpack (3.2.9) lib/action_dispatch/middleware/debug_exceptions.rb:21:in `call'
  actionpack (3.2.9) lib/action_dispatch/middleware/show_exceptions.rb:56:in `call'
  railties (3.2.9) lib/rails/rack/logger.rb:32:in `call_app'
  railties (3.2.9) lib/rails/rack/logger.rb:16:in `block in call'
  activesupport (3.2.9) lib/active_support/tagged_logging.rb:22:in `tagged'
  railties (3.2.9) lib/rails/rack/logger.rb:16:in `call'
  actionpack (3.2.9) lib/action_dispatch/middleware/request_id.rb:22:in `call'
  rack (1.4.1) lib/rack/methodoverride.rb:21:in `call'
  rack (1.4.1) lib/rack/runtime.rb:17:in `call'
  activesupport (3.2.9) lib/active_support/cache/strategy/local_cache.rb:72:in `call'
  rack (1.4.1) lib/rack/lock.rb:15:in `call'
  actionpack (3.2.9) lib/action_dispatch/middleware/static.rb:62:in `call'
  railties (3.2.9) lib/rails/engine.rb:479:in `call'
  railties (3.2.9) lib/rails/application.rb:223:in `call'
  rack (1.4.1) lib/rack/content_length.rb:14:in `call'
  railties (3.2.9) lib/rails/rack/log_tailer.rb:17:in `call'
  rack (1.4.1) lib/rack/handler/webrick.rb:59:in `service'
  /home/student/.rvm/rubies/ruby-1.9.3-p194/lib/ruby/1.9.1/webrick/httpserver.rb:138:in `service'
  /home/student/.rvm/rubies/ruby-1.9.3-p194/lib/ruby/1.9.1/webrick/httpserver.rb:94:in `run'
  /home/student/.rvm/rubies/ruby-1.9.3-p194/lib/ruby/1.9.1/webrick/server.rb:191:in `block in start_thread'


  Rendered /home/student/.rvm/gems/ruby-1.9.3-p194@dineout/gems/actionpack-3.2.9/lib/action_dispatch/middleware/templates/rescues/routing_error.erb within rescues/layout (0.8ms)


Started GET "/diners" for 127.0.0.1 at 2012-12-14 12:32:24 +0100
Processing by DinersController#index as HTML
  [1m[36mDiner Load (0.1ms)[0m  [1mSELECT "diners".* FROM "diners" [0m
  Rendered diners/index.html.haml within layouts/application (8.3ms)
Compiled diners.css  (13ms)  (pid 25282)
Compiled scaffolds.css  (22ms)  (pid 25282)
Compiled application.css  (89ms)  (pid 25282)
Compiled jquery.js  (2ms)  (pid 25282)
Compiled jquery_ujs.js  (0ms)  (pid 25282)
Compiled diners.js  (734ms)  (pid 25282)
Compiled application.js  (823ms)  (pid 25282)
Completed 200 OK in 1068ms (Views: 974.4ms | ActiveRecord: 3.6ms)


Started GET "/assets/application.css?body=1" for 127.0.0.1 at 2012-12-14 12:32:25 +0100
Served asset /application.css - 200 OK (60ms)


Started GET "/assets/jquery.js?body=1" for 127.0.0.1 at 2012-12-14 12:32:25 +0100
Served asset /jquery.js - 200 OK (2ms)


Started GET "/assets/scaffolds.css?body=1" for 127.0.0.1 at 2012-12-14 12:32:25 +0100
Served asset /scaffolds.css - 200 OK (1ms)


Started GET "/assets/diners.css?body=1" for 127.0.0.1 at 2012-12-14 12:32:25 +0100
Served asset /diners.css - 200 OK (1ms)


Started GET "/assets/jquery_ujs.js?body=1" for 127.0.0.1 at 2012-12-14 12:32:25 +0100
Served asset /jquery_ujs.js - 200 OK (7ms)


Started GET "/assets/diners.js?body=1" for 127.0.0.1 at 2012-12-14 12:32:25 +0100
Served asset /diners.js - 200 OK (2ms)


Started GET "/assets/application.js?body=1" for 127.0.0.1 at 2012-12-14 12:32:25 +0100
Served asset /application.js - 200 OK (7ms)


Started GET "/diners/new" for 127.0.0.1 at 2012-12-14 12:32:36 +0100
Processing by DinersController#new as HTML
  Rendered diners/_form.html.haml (303.9ms)
  Rendered diners/new.html.haml within layouts/application (312.6ms)
Completed 200 OK in 342ms (Views: 318.3ms | ActiveRecord: 0.0ms)


Started GET "/assets/application.css?body=1" for 127.0.0.1 at 2012-12-14 12:32:36 +0100
Served asset /application.css - 304 Not Modified (26ms)


Started GET "/assets/diners.css?body=1" for 127.0.0.1 at 2012-12-14 12:32:36 +0100
Served asset /diners.css - 304 Not Modified (0ms)


Started GET "/assets/scaffolds.css?body=1" for 127.0.0.1 at 2012-12-14 12:32:36 +0100
Served asset /scaffolds.css - 304 Not Modified (0ms)


Started GET "/assets/jquery.js?body=1" for 127.0.0.1 at 2012-12-14 12:32:36 +0100
Served asset /jquery.js - 304 Not Modified (1ms)


Started GET "/assets/diners.js?body=1" for 127.0.0.1 at 2012-12-14 12:32:36 +0100
Served asset /diners.js - 304 Not Modified (0ms)


Started GET "/assets/jquery_ujs.js?body=1" for 127.0.0.1 at 2012-12-14 12:32:36 +0100
Served asset /jquery_ujs.js - 304 Not Modified (0ms)


Started GET "/assets/application.js?body=1" for 127.0.0.1 at 2012-12-14 12:32:36 +0100
Served asset /application.js - 304 Not Modified (2ms)
Connecting to database specified by database.yml
Connecting to database specified by database.yml
Connecting to database specified by database.yml
  [1m[36m (0.1ms)[0m  [1mSELECT "schema_migrations"."version" FROM "schema_migrations" [0m
Migrating to CreateDiners (20121214114520)
  [1m[35m (0.1ms)[0m  select sqlite_version(*)
  [1m[36m (0.1ms)[0m  [1mbegin transaction[0m
  [1m[35m (0.2ms)[0m  CREATE TABLE "diners" ("id" INTEGER PRIMARY KEY AUTOINCREMENT NOT NULL, "name" varchar(255), "street" varchar(255), "number" varchar(255), "zipcode" varchar(255), "city" varchar(255), "url" varchar(255), "time" text, "phone" varchar(255), "urlmaps" varchar(255), "created_at" datetime NOT NULL, "updated_at" datetime NOT NULL) 
SQLite3::SQLException: table "diners" already exists: CREATE TABLE "diners" ("id" INTEGER PRIMARY KEY AUTOINCREMENT NOT NULL, "name" varchar(255), "street" varchar(255), "number" varchar(255), "zipcode" varchar(255), "city" varchar(255), "url" varchar(255), "time" text, "phone" varchar(255), "urlmaps" varchar(255), "created_at" datetime NOT NULL, "updated_at" datetime NOT NULL) 
  [1m[36m (0.1ms)[0m  [1mrollback transaction[0m
Connecting to database specified by database.yml
  [1m[36m (0.1ms)[0m  [1mSELECT "schema_migrations"."version" FROM "schema_migrations" [0m
Migrating to CreateDiners (20121214114520)
  [1m[35m (0.1ms)[0m  select sqlite_version(*)
  [1m[36m (0.1ms)[0m  [1mbegin transaction[0m
  [1m[35m (1.1ms)[0m  CREATE TABLE "diners" ("id" INTEGER PRIMARY KEY AUTOINCREMENT NOT NULL, "name" varchar(255), "street" varchar(255), "number" varchar(255), "zipcode" varchar(255), "city" varchar(255), "url" varchar(255), "time" text, "phone" varchar(255), "urlmaps" varchar(255), "created_at" datetime NOT NULL, "updated_at" datetime NOT NULL) 
  [1m[36m (0.5ms)[0m  [1mINSERT INTO "schema_migrations" ("version") VALUES ('20121214114520')[0m
  [1m[35m (95.4ms)[0m  commit transaction
  [1m[36m (0.1ms)[0m  [1mSELECT "schema_migrations"."version" FROM "schema_migrations" [0m


Started GET "/diners" for 127.0.0.1 at 2012-12-14 12:46:52 +0100
Connecting to database specified by database.yml
Processing by DinersController#index as HTML
  [1m[36mDiner Load (0.2ms)[0m  [1mSELECT "diners".* FROM "diners" [0m
  Rendered diners/index.html.haml within layouts/application (6.1ms)
Completed 200 OK in 113ms (Views: 64.0ms | ActiveRecord: 2.6ms)


Started GET "/assets/application.css?body=1" for 127.0.0.1 at 2012-12-14 12:46:52 +0100
Served asset /application.css - 304 Not Modified (56ms)


Started GET "/assets/scaffolds.css?body=1" for 127.0.0.1 at 2012-12-14 12:46:53 +0100
Served asset /scaffolds.css - 304 Not Modified (1ms)


Started GET "/assets/diners.css?body=1" for 127.0.0.1 at 2012-12-14 12:46:53 +0100
Served asset /diners.css - 304 Not Modified (4ms)


Started GET "/assets/application.js?body=1" for 127.0.0.1 at 2012-12-14 12:46:53 +0100
Served asset /application.js - 304 Not Modified (14ms)


Started GET "/assets/diners.js?body=1" for 127.0.0.1 at 2012-12-14 12:46:53 +0100
Served asset /diners.js - 304 Not Modified (1ms)


Started GET "/assets/jquery_ujs.js?body=1" for 127.0.0.1 at 2012-12-14 12:46:53 +0100
Served asset /jquery_ujs.js - 304 Not Modified (2ms)


Started GET "/assets/jquery.js?body=1" for 127.0.0.1 at 2012-12-14 12:46:53 +0100
Served asset /jquery.js - 304 Not Modified (3ms)
